#
# There is insufficient memory for the Java Runtime Environment to continue.
# Native memory allocation (malloc) failed to allocate 92496 bytes. Error detail: Chunk::new
# Possible reasons:
#   The system is out of physical RAM or swap space
#   This process is running with CompressedOops enabled, and the Java Heap may be blocking the growth of the native heap
# Possible solutions:
#   Reduce memory load on the system
#   Increase physical memory or swap space
#   Check if swap backing store is full
#   Decrease Java heap size (-Xmx/-Xms)
#   Decrease number of Java threads
#   Decrease Java thread stack sizes (-Xss)
#   Set larger code cache with -XX:ReservedCodeCacheSize=
#   JVM is running with Unscaled Compressed Oops mode in which the Java heap is
#     placed in the first 4GB address space. The Java Heap base address is the
#     maximum limit for the native heap growth. Please use -XX:HeapBaseMinAddress
#     to set the Java Heap base and to place the Java Heap above 4GB virtual address.
# This output file may be truncated or incomplete.
#
#  Out of Memory Error (arena.cpp:168), pid=15500, tid=9468
#
# JRE version: OpenJDK Runtime Environment Temurin-21.0.8+9 (21.0.8+9) (build 21.0.8+9-LTS)
# Java VM: OpenJDK 64-Bit Server VM Temurin-21.0.8+9 (21.0.8+9-LTS, mixed mode, sharing, tiered, compressed oops, compressed class ptrs, parallel gc, windows-amd64)
# No core dump will be written. Minidumps are not enabled by default on client versions of Windows
#

---------------  S U M M A R Y ------------

Command Line: --add-modules=ALL-SYSTEM --add-opens=java.base/java.util=ALL-UNNAMED --add-opens=java.base/java.lang=ALL-UNNAMED --add-opens=java.base/sun.nio.fs=ALL-UNNAMED -Declipse.application=org.eclipse.jdt.ls.core.id1 -Dosgi.bundles.defaultStartLevel=4 -Declipse.product=org.eclipse.jdt.ls.core.product -Djava.import.generatesMetadataFilesAtProjectRoot=false -DDetectVMInstallationsJob.disabled=true -Dfile.encoding=utf8 -XX:+UseParallelGC -XX:GCTimeRatio=4 -XX:AdaptiveSizePolicyWeight=90 -Dsun.zip.disableMemoryMapping=true -Xmx2G -Xms100m -Xlog:disable -javaagent:c:\Users\HPLAPTOP01\.vscode\extensions\redhat.java-1.45.0-win32-x64\lombok\lombok-1.18.39-4050.jar c:\Users\HPLAPTOP01\.vscode\extensions\redhat.java-1.45.0-win32-x64\server\plugins\org.eclipse.equinox.launcher_1.7.0.v20250519-0528.jar -configuration c:\Users\HPLAPTOP01\AppData\Roaming\Code\User\globalStorage\redhat.java\1.45.0\config_ss_win -data c:\Users\HPLAPTOP01\AppData\Roaming\Code\User\workspaceStorage\d6b11892788511ac32a825abca1f98b8\redhat.java\ss_ws --pipe=\\.\pipe\lsp-eb84bfda6b9e6e33fe345834d8f21b3f-sock

Host: AMD Ryzen 7 3700U with Radeon Vega Mobile Gfx  , 8 cores, 13G,  Windows 11 , 64 bit Build 26100 (10.0.26100.5074)
Time: Thu Oct  2 11:29:33 2025 Hora est. Pacífico, Sudamérica elapsed time: 0.823304 seconds (0d 0h 0m 0s)

---------------  T H R E A D  ---------------

Current thread (0x00000242c15c2d20):  JavaThread "C2 CompilerThread2" daemon [_thread_in_native, id=9468, stack(0x0000005549800000,0x0000005549900000) (1024K)]


Current CompileTask:
C2:823  664       4       lombok.patcher.scripts.MethodLevelPatchScript::patch (21 bytes)

Stack: [0x0000005549800000,0x0000005549900000]
Native frames: (J=compiled Java code, j=interpreted, Vv=VM code, C=native code)
V  [jvm.dll+0x6d2449]
V  [jvm.dll+0x8ae341]
V  [jvm.dll+0x8b08be]
V  [jvm.dll+0x8b0fa3]
V  [jvm.dll+0x280c96]
V  [jvm.dll+0xc581d]
V  [jvm.dll+0xc5d53]
V  [jvm.dll+0x3b9162]
V  [jvm.dll+0x1e0e8b]
V  [jvm.dll+0x249022]
V  [jvm.dll+0x2484af]
V  [jvm.dll+0x1c89ee]
V  [jvm.dll+0x257d4d]
V  [jvm.dll+0x2562ea]
V  [jvm.dll+0x3f2d16]
V  [jvm.dll+0x857e6b]
V  [jvm.dll+0x6d0b0d]
C  [ucrtbase.dll+0x37b0]
C  [KERNEL32.DLL+0x2e8d7]
C  [ntdll.dll+0x8d9c]


---------------  P R O C E S S  ---------------

Threads class SMR info:
_java_thread_list=0x00000242c155f610, length=13, elements={
0x00000242e7e55190, 0x00000242fe8bc940, 0x00000242fe8be500, 0x00000242fe8c1f10,
0x00000242fe8c2c00, 0x00000242fe8c5fb0, 0x00000242fe8d1330, 0x00000242fe8d6330,
0x00000242fe8d7020, 0x00000242c1310410, 0x00000242c1406750, 0x00000242c15b96a0,
0x00000242c15c2d20
}

Java Threads: ( => current thread )
  0x00000242e7e55190 JavaThread "main"                              [_thread_in_vm, id=9088, stack(0x0000005548900000,0x0000005548a00000) (1024K)]
  0x00000242fe8bc940 JavaThread "Reference Handler"          daemon [_thread_blocked, id=23116, stack(0x0000005548d00000,0x0000005548e00000) (1024K)]
  0x00000242fe8be500 JavaThread "Finalizer"                  daemon [_thread_blocked, id=7464, stack(0x0000005548e00000,0x0000005548f00000) (1024K)]
  0x00000242fe8c1f10 JavaThread "Signal Dispatcher"          daemon [_thread_blocked, id=22672, stack(0x0000005548f00000,0x0000005549000000) (1024K)]
  0x00000242fe8c2c00 JavaThread "Attach Listener"            daemon [_thread_blocked, id=18112, stack(0x0000005549000000,0x0000005549100000) (1024K)]
  0x00000242fe8c5fb0 JavaThread "Service Thread"             daemon [_thread_blocked, id=21500, stack(0x0000005549100000,0x0000005549200000) (1024K)]
  0x00000242fe8d1330 JavaThread "Monitor Deflation Thread"   daemon [_thread_blocked, id=12340, stack(0x0000005549200000,0x0000005549300000) (1024K)]
  0x00000242fe8d6330 JavaThread "C2 CompilerThread0"         daemon [_thread_in_native, id=5384, stack(0x0000005549300000,0x0000005549400000) (1024K)]
  0x00000242fe8d7020 JavaThread "C1 CompilerThread0"         daemon [_thread_blocked, id=22320, stack(0x0000005549400000,0x0000005549500000) (1024K)]
  0x00000242c1310410 JavaThread "Common-Cleaner"             daemon [_thread_blocked, id=19964, stack(0x0000005549500000,0x0000005549600000) (1024K)]
  0x00000242c1406750 JavaThread "C2 CompilerThread1"         daemon [_thread_in_native, id=11244, stack(0x0000005549600000,0x0000005549700000) (1024K)]
  0x00000242c15b96a0 JavaThread "Notification Thread"        daemon [_thread_blocked, id=18772, stack(0x0000005549700000,0x0000005549800000) (1024K)]
=>0x00000242c15c2d20 JavaThread "C2 CompilerThread2"         daemon [_thread_in_native, id=9468, stack(0x0000005549800000,0x0000005549900000) (1024K)]
Total: 13

Other Threads:
  0x00000242e7efccd0 VMThread "VM Thread"                           [id=21444, stack(0x0000005548c00000,0x0000005548d00000) (1024K)]
  0x00000242fe7cca00 WatcherThread "VM Periodic Task Thread"        [id=22208, stack(0x0000005548b00000,0x0000005548c00000) (1024K)]
  0x00000242e7e743a0 WorkerThread "GC Thread#0"                     [id=14584, stack(0x0000005548a00000,0x0000005548b00000) (1024K)]
Total: 3

Threads with active compile tasks:
C2 CompilerThread0  889  636       4       lombok.patcher.PatchScript::classMatches (41 bytes)
C2 CompilerThread1  889  712       4       java.util.Collections$UnmodifiableCollection::iterator (9 bytes)
C2 CompilerThread2  889  664       4       lombok.patcher.scripts.MethodLevelPatchScript::patch (21 bytes)
Total: 3

VM state: not at safepoint (normal execution)

VM Mutex/Monitor currently owned by a thread:  ([mutex/lock_event])
[0x00007ffa101a3458] Metaspace_lock - owner thread: 0x00000242e7e55190

Heap address: 0x0000000080000000, size: 2048 MB, Compressed Oops mode: 32-bit

CDS archive(s) mapped at: [0x0000024280000000-0x0000024280ba0000-0x0000024280ba0000), size 12189696, SharedBaseAddress: 0x0000024280000000, ArchiveRelocationMode: 1.
Compressed class space mapped at: 0x0000024281000000-0x00000242c1000000, reserved size: 1073741824
Narrow klass base: 0x0000024280000000, Narrow klass shift: 0, Narrow klass range: 0x100000000

GC Precious Log:
 CardTable entry size: 512
 CPUs: 8 total, 8 available
 Memory: 14269M
 Large Page Support: Disabled
 NUMA Support: Disabled
 Compressed Oops: Enabled (32-bit)
 Alignments: Space 512K, Generation 512K, Heap 2M
 Heap Min Capacity: 100M
 Heap Initial Capacity: 100M
 Heap Max Capacity: 2G
 Pre-touch: Disabled
 Parallel Workers: 8

Heap:
 PSYoungGen      total 29696K, used 16079K [0x00000000d5580000, 0x00000000d7680000, 0x0000000100000000)
  eden space 25600K, 62% used [0x00000000d5580000,0x00000000d6533e48,0x00000000d6e80000)
  from space 4096K, 0% used [0x00000000d7280000,0x00000000d7280000,0x00000000d7680000)
  to   space 4096K, 0% used [0x00000000d6e80000,0x00000000d6e80000,0x00000000d7280000)
 ParOldGen       total 68608K, used 0K [0x0000000080000000, 0x0000000084300000, 0x00000000d5580000)
  object space 68608K, 0% used [0x0000000080000000,0x0000000080000000,0x0000000084300000)
 Metaspace       used 3089K, committed 3264K, reserved 1114112K
  class space    used 320K, committed 384K, reserved 1048576K

Card table byte_map: [0x00000242e77f0000,0x00000242e7c00000] _byte_map_base: 0x00000242e73f0000

Marking Bits: (ParMarkBitMap*) 0x00007ffa101aa340
 Begin Bits: [0x00000242fa2f0000, 0x00000242fc2f0000)
 End Bits:   [0x00000242fc2f0000, 0x00000242fe2f0000)

Polling page: 0x00000242e5cb0000

Metaspace:

Usage:
  Non-class:      2.70 MB used.
      Class:    320.21 KB used.
       Both:      3.02 MB used.

Virtual space:
  Non-class space:       64.00 MB reserved,       2.81 MB (  4%) committed,  1 nodes.
      Class space:        1.00 GB reserved,     384.00 KB ( <1%) committed,  1 nodes.
             Both:        1.06 GB reserved,       3.19 MB ( <1%) committed. 

Chunk freelists:
   Non-Class:  11.54 MB
       Class:  15.52 MB
        Both:  27.07 MB

MaxMetaspaceSize: unlimited
CompressedClassSpaceSize: 1.00 GB
Initial GC threshold: 21.00 MB
Current GC threshold: 21.00 MB
CDS: on
 - commit_granule_bytes: 65536.
 - commit_granule_words: 8192.
 - virtual_space_node_default_size: 8388608.
 - enlarge_chunks_in_place: 1.
 - use_allocation_guard: 0.


Internal statistics:

num_allocs_failed_limit: 0.
num_arena_births: 112.
num_arena_deaths: 0.
num_vsnodes_births: 2.
num_vsnodes_deaths: 0.
num_space_committed: 51.
num_space_uncommitted: 0.
num_chunks_returned_to_freelist: 0.
num_chunks_taken_from_freelist: 140.
num_chunk_merges: 0.
num_chunk_splits: 97.
num_chunks_enlarged: 60.
num_inconsistent_stats: 0.

CodeHeap 'non-profiled nmethods': size=120000Kb used=286Kb max_used=286Kb free=119713Kb
 bounds [0x00000242f2b10000, 0x00000242f2d80000, 0x00000242fa040000]
CodeHeap 'profiled nmethods': size=120000Kb used=1176Kb max_used=1176Kb free=118823Kb
 bounds [0x00000242eb040000, 0x00000242eb2b0000, 0x00000242f2570000]
CodeHeap 'non-nmethods': size=5760Kb used=1189Kb max_used=1206Kb free=4570Kb
 bounds [0x00000242f2570000, 0x00000242f27e0000, 0x00000242f2b10000]
CodeCache: size=245760Kb, used=2651Kb, max_used=2668Kb, free=243106Kb
 total_blobs=1239, nmethods=792, adapters=354, full_count=0
Compilation: enabled, stopped_count=0, restarted_count=0

Compilation events (20 events):
Event: 0.811 Thread 0x00000242fe8d7020 nmethod 697 0x00000242eb13f990 code [0x00000242eb13fb80, 0x00000242eb140008]
Event: 0.811 Thread 0x00000242fe8d7020  698       3       jdk.internal.misc.Unsafe::convEndian (16 bytes)
Event: 0.811 Thread 0x00000242fe8d7020 nmethod 698 0x00000242eb140190 code [0x00000242eb140340, 0x00000242eb140500]
Event: 0.811 Thread 0x00000242fe8d7020  691       3       sun.security.util.DerValue::isPrintableStringChar (184 bytes)
Event: 0.811 Thread 0x00000242fe8d7020 nmethod 691 0x00000242eb140590 code [0x00000242eb140740, 0x00000242eb140c38]
Event: 0.812 Thread 0x00000242fe8d7020  693       3       java.lang.Character::isWhitespace (5 bytes)
Event: 0.812 Thread 0x00000242fe8d7020 nmethod 693 0x00000242eb140d10 code [0x00000242eb140ee0, 0x00000242eb141138]
Event: 0.812 Thread 0x00000242fe8d7020  694       3       java.lang.Character::isWhitespace (9 bytes)
Event: 0.812 Thread 0x00000242fe8d7020 nmethod 694 0x00000242eb141210 code [0x00000242eb1413c0, 0x00000242eb1415b8]
Event: 0.812 Thread 0x00000242fe8d7020  695       3       java.lang.CharacterDataLatin1::isWhitespace (23 bytes)
Event: 0.812 Thread 0x00000242fe8d7020 nmethod 695 0x00000242eb141690 code [0x00000242eb141840, 0x00000242eb141a38]
Event: 0.812 Thread 0x00000242fe8d7020  696       1       java.lang.invoke.MethodHandleImpl::isCompileConstant (2 bytes)
Event: 0.813 Thread 0x00000242fe8d7020 nmethod 696 0x00000242f2b4e490 code [0x00000242f2b4e620, 0x00000242f2b4e6c8]
Event: 0.813 Thread 0x00000242c1406750 nmethod 699 0x00000242f2b4e790 code [0x00000242f2b4e920, 0x00000242f2b4ea90]
Event: 0.814 Thread 0x00000242c1406750  700       4       java.math.BigInteger::mulAdd (19 bytes)
Event: 0.816 Thread 0x00000242c1406750 nmethod 700 0x00000242f2b4ec10 code [0x00000242f2b4eda0, 0x00000242f2b4ef50]
Event: 0.816 Thread 0x00000242c1406750  701       4       java.math.BigInteger::addOne (77 bytes)
Event: 0.817 Thread 0x00000242c1406750 nmethod 701 0x00000242f2b4f110 code [0x00000242f2b4f2a0, 0x00000242f2b4f410]
Event: 0.817 Thread 0x00000242c1406750  702       4       java.math.BigInteger::implMulAddCheck (176 bytes)
Event: 0.818 Thread 0x00000242c1406750 nmethod 702 0x00000242f2b4f590 code [0x00000242f2b4f720, 0x00000242f2b4f858]

GC Heap History (0 events):
No events

Dll operation events (8 events):
Event: 0.019 Loaded shared library c:\Users\HPLAPTOP01\.vscode\extensions\redhat.java-1.45.0-win32-x64\jre\21.0.8-win32-x86_64\bin\java.dll
Event: 0.158 Loaded shared library c:\Users\HPLAPTOP01\.vscode\extensions\redhat.java-1.45.0-win32-x64\jre\21.0.8-win32-x86_64\bin\zip.dll
Event: 0.206 Loaded shared library C:\Users\HPLAPTOP01\.vscode\extensions\redhat.java-1.45.0-win32-x64\jre\21.0.8-win32-x86_64\bin\instrument.dll
Event: 0.214 Loaded shared library C:\Users\HPLAPTOP01\.vscode\extensions\redhat.java-1.45.0-win32-x64\jre\21.0.8-win32-x86_64\bin\net.dll
Event: 0.220 Loaded shared library C:\Users\HPLAPTOP01\.vscode\extensions\redhat.java-1.45.0-win32-x64\jre\21.0.8-win32-x86_64\bin\nio.dll
Event: 0.228 Loaded shared library C:\Users\HPLAPTOP01\.vscode\extensions\redhat.java-1.45.0-win32-x64\jre\21.0.8-win32-x86_64\bin\zip.dll
Event: 0.260 Loaded shared library C:\Users\HPLAPTOP01\.vscode\extensions\redhat.java-1.45.0-win32-x64\jre\21.0.8-win32-x86_64\bin\jimage.dll
Event: 0.405 Loaded shared library c:\Users\HPLAPTOP01\.vscode\extensions\redhat.java-1.45.0-win32-x64\jre\21.0.8-win32-x86_64\bin\verify.dll

Deoptimization events (20 events):
Event: 0.794 Thread 0x00000242e7e55190 DEOPT PACKING pc=0x00000242eb13ba04 sp=0x00000055489fd280
Event: 0.794 Thread 0x00000242e7e55190 DEOPT UNPACKING pc=0x00000242f25c4242 sp=0x00000055489fc6d8 mode 0
Event: 0.794 Thread 0x00000242e7e55190 DEOPT PACKING pc=0x00000242eb13ba04 sp=0x00000055489fd200
Event: 0.794 Thread 0x00000242e7e55190 DEOPT UNPACKING pc=0x00000242f25c4242 sp=0x00000055489fc658 mode 0
Event: 0.795 Thread 0x00000242e7e55190 DEOPT PACKING pc=0x00000242eb13ba04 sp=0x00000055489fd280
Event: 0.795 Thread 0x00000242e7e55190 DEOPT UNPACKING pc=0x00000242f25c4242 sp=0x00000055489fc6d8 mode 0
Event: 0.795 Thread 0x00000242e7e55190 DEOPT PACKING pc=0x00000242eb13ba04 sp=0x00000055489fd280
Event: 0.795 Thread 0x00000242e7e55190 DEOPT UNPACKING pc=0x00000242f25c4242 sp=0x00000055489fc6d8 mode 0
Event: 0.798 Thread 0x00000242e7e55190 DEOPT PACKING pc=0x00000242eb13ba04 sp=0x00000055489fd270
Event: 0.798 Thread 0x00000242e7e55190 DEOPT UNPACKING pc=0x00000242f25c4242 sp=0x00000055489fc6c8 mode 0
Event: 0.798 Thread 0x00000242e7e55190 DEOPT PACKING pc=0x00000242eb13ba04 sp=0x00000055489fd270
Event: 0.799 Thread 0x00000242e7e55190 DEOPT UNPACKING pc=0x00000242f25c4242 sp=0x00000055489fc6c8 mode 0
Event: 0.799 Thread 0x00000242e7e55190 DEOPT PACKING pc=0x00000242eb13ba04 sp=0x00000055489fd390
Event: 0.799 Thread 0x00000242e7e55190 DEOPT UNPACKING pc=0x00000242f25c4242 sp=0x00000055489fc7e8 mode 0
Event: 0.799 Thread 0x00000242e7e55190 DEOPT PACKING pc=0x00000242eb13ba04 sp=0x00000055489fd390
Event: 0.799 Thread 0x00000242e7e55190 DEOPT UNPACKING pc=0x00000242f25c4242 sp=0x00000055489fc7e8 mode 0
Event: 0.810 Thread 0x00000242e7e55190 Uncommon trap: trap_request=0xffffff6e fr.pc=0x00000242f2b4dd1c relative=0x00000000000001fc
Event: 0.810 Thread 0x00000242e7e55190 Uncommon trap: reason=loop_limit_check action=maybe_recompile pc=0x00000242f2b4dd1c method=java.math.BigInteger.implMulAdd([I[IIII)I @ 26 c2
Event: 0.810 Thread 0x00000242e7e55190 DEOPT PACKING pc=0x00000242f2b4dd1c sp=0x00000055489fd460
Event: 0.810 Thread 0x00000242e7e55190 DEOPT UNPACKING pc=0x00000242f25c3aa2 sp=0x00000055489fd3b0 mode 2

Classes loaded (20 events):
Event: 0.780 Loading class sun/security/pkcs/PKCS8Key done
Event: 0.780 Loading class sun/security/rsa/RSAPrivateKeyImpl done
Event: 0.780 Loading class sun/security/rsa/RSAPrivateCrtKeyImpl
Event: 0.780 Loading class java/security/interfaces/RSAPrivateCrtKey
Event: 0.780 Loading class java/security/interfaces/RSAPrivateCrtKey done
Event: 0.780 Loading class sun/security/rsa/RSAPrivateCrtKeyImpl done
Event: 0.780 Loading class sun/security/rsa/RSACore
Event: 0.781 Loading class sun/security/rsa/RSACore done
Event: 0.781 Loading class sun/security/rsa/RSAPadding
Event: 0.781 Loading class sun/security/rsa/RSAPadding done
Event: 0.782 Loading class java/math/MutableBigInteger
Event: 0.783 Loading class java/math/MutableBigInteger done
Event: 0.802 Loading class sun/security/provider/certpath/X509CertPath
Event: 0.802 Loading class java/security/cert/CertPath
Event: 0.802 Loading class java/security/cert/CertPath done
Event: 0.803 Loading class sun/security/provider/certpath/X509CertPath done
Event: 0.803 Loading class sun/security/timestamp/TimestampToken
Event: 0.803 Loading class sun/security/timestamp/TimestampToken done
Event: 0.804 Loading class java/security/Timestamp
Event: 0.805 Loading class java/security/Timestamp done

Classes unloaded (0 events):
No events

Classes redefined (0 events):
No events

Internal exceptions (12 events):
Event: 0.149 Thread 0x00000242e7e55190 Exception <a 'java/lang/NoSuchMethodError'{0x00000000d57aa288}: 'void java.lang.invoke.DirectMethodHandle$Holder.invokeStatic(java.lang.Object, java.lang.Object, java.lang.Object)'> (0x00000000d57aa288) 
thrown [s\src\hotspot\share\interpreter\linkResolver.cpp, line 773]
Event: 0.249 Thread 0x00000242e7e55190 Exception <a 'java/lang/NoSuchMethodError'{0x00000000d5912c18}: 'java.lang.Object java.lang.invoke.Invokers$Holder.invokeExact_MT(java.lang.Object, java.lang.Object, java.lang.Object, java.lang.Object, java.lang.Object)'> (0x00000000d5912c18) 
thrown [s\src\hotspot\share\interpreter\linkResolver.cpp, line 773]
Event: 0.320 Thread 0x00000242e7e55190 Exception <a 'java/lang/NoSuchMethodError'{0x00000000d59cc0f0}: 'int java.lang.invoke.DirectMethodHandle$Holder.invokeSpecial(java.lang.Object, java.lang.Object, java.lang.Object, int)'> (0x00000000d59cc0f0) 
thrown [s\src\hotspot\share\interpreter\linkResolver.cpp, line 773]
Event: 0.324 Thread 0x00000242e7e55190 Exception <a 'java/lang/NoSuchMethodError'{0x00000000d59dead8}: 'java.lang.Object java.lang.invoke.DirectMethodHandle$Holder.invokeStatic(java.lang.Object, java.lang.Object, java.lang.Object, java.lang.Object, int)'> (0x00000000d59dead8) 
thrown [s\src\hotspot\share\interpreter\linkResolver.cpp, line 773]
Event: 0.327 Thread 0x00000242e7e55190 Exception <a 'java/lang/NoSuchMethodError'{0x00000000d59e9f18}: 'void java.lang.invoke.DelegatingMethodHandle$Holder.reinvoke_L(java.lang.Object, java.lang.Object, java.lang.Object, int, java.lang.Object)'> (0x00000000d59e9f18) 
thrown [s\src\hotspot\share\interpreter\linkResolver.cpp, line 773]
Event: 0.333 Thread 0x00000242e7e55190 Exception <a 'java/lang/NoSuchMethodError'{0x00000000d59fa868}: 'int java.lang.invoke.DirectMethodHandle$Holder.invokeSpecial(java.lang.Object, java.lang.Object, java.lang.Object)'> (0x00000000d59fa868) 
thrown [s\src\hotspot\share\interpreter\linkResolver.cpp, line 773]
Event: 0.336 Thread 0x00000242e7e55190 Exception <a 'java/lang/NoSuchMethodError'{0x00000000d5a06528}: 'java.lang.Object java.lang.invoke.DirectMethodHandle$Holder.invokeStatic(java.lang.Object, java.lang.Object, int)'> (0x00000000d5a06528) 
thrown [s\src\hotspot\share\interpreter\linkResolver.cpp, line 773]
Event: 0.337 Thread 0x00000242e7e55190 Exception <a 'java/lang/NoSuchMethodError'{0x00000000d5a0ae78}: 'void java.lang.invoke.DirectMethodHandle$Holder.invokeStatic(java.lang.Object, java.lang.Object, int, java.lang.Object)'> (0x00000000d5a0ae78) 
thrown [s\src\hotspot\share\interpreter\linkResolver.cpp, line 773]
Event: 0.338 Thread 0x00000242e7e55190 Exception <a 'java/lang/NoSuchMethodError'{0x00000000d5a0ea08}: 'void java.lang.invoke.DirectMethodHandle$Holder.invokeSpecial(java.lang.Object, java.lang.Object, java.lang.Object, int, java.lang.Object)'> (0x00000000d5a0ea08) 
thrown [s\src\hotspot\share\interpreter\linkResolver.cpp, line 773]
Event: 0.339 Thread 0x00000242e7e55190 Exception <a 'java/lang/NoSuchMethodError'{0x00000000d5a120c8}: 'void java.lang.invoke.DelegatingMethodHandle$Holder.delegate(java.lang.Object, java.lang.Object, int, java.lang.Object)'> (0x00000000d5a120c8) 
thrown [s\src\hotspot\share\interpreter\linkResolver.cpp, line 773]
Event: 0.474 Thread 0x00000242e7e55190 Exception <a 'java/lang/NoSuchMethodError'{0x00000000d5bd1c48}: 'void java.lang.invoke.DelegatingMethodHandle$Holder.reinvoke_L(java.lang.Object, java.lang.Object, java.lang.Object, int)'> (0x00000000d5bd1c48) 
thrown [s\src\hotspot\share\interpreter\linkResolver.cpp, line 773]
Event: 0.680 Thread 0x00000242e7e55190 Exception <a 'java/lang/NoSuchMethodError'{0x00000000d605e958}: 'void java.lang.invoke.DirectMethodHandle$Holder.invokeVirtual(java.lang.Object, java.lang.Object)'> (0x00000000d605e958) 
thrown [s\src\hotspot\share\interpreter\linkResolver.cpp, line 773]

ZGC Phase Switch (0 events):
No events

VM Operations (4 events):
Event: 0.155 Executing VM operation: HandshakeAllThreads (Deoptimize)
Event: 0.156 Executing VM operation: HandshakeAllThreads (Deoptimize) done
Event: 0.285 Executing VM operation: HandshakeAllThreads (Deoptimize)
Event: 0.285 Executing VM operation: HandshakeAllThreads (Deoptimize) done

Memory protections (0 events):
No events

Nmethod flushes (0 events):
No events

Events (13 events):
Event: 0.035 Thread 0x00000242e7e55190 Thread added: 0x00000242e7e55190
Event: 0.067 Thread 0x00000242e7e55190 Thread added: 0x00000242fe8bc940
Event: 0.068 Thread 0x00000242e7e55190 Thread added: 0x00000242fe8be500
Event: 0.068 Thread 0x00000242e7e55190 Thread added: 0x00000242fe8c1f10
Event: 0.069 Thread 0x00000242e7e55190 Thread added: 0x00000242fe8c2c00
Event: 0.069 Thread 0x00000242e7e55190 Thread added: 0x00000242fe8c5fb0
Event: 0.069 Thread 0x00000242e7e55190 Thread added: 0x00000242fe8d1330
Event: 0.070 Thread 0x00000242e7e55190 Thread added: 0x00000242fe8d6330
Event: 0.070 Thread 0x00000242e7e55190 Thread added: 0x00000242fe8d7020
Event: 0.130 Thread 0x00000242e7e55190 Thread added: 0x00000242c1310410
Event: 0.179 Thread 0x00000242fe8d7020 Thread added: 0x00000242c1406750
Event: 0.591 Thread 0x00000242e7e55190 Thread added: 0x00000242c15b96a0
Event: 0.732 Thread 0x00000242fe8d7020 Thread added: 0x00000242c15c2d20


Dynamic libraries:
0x00007ff761f40000 - 0x00007ff761f4e000 	c:\Users\HPLAPTOP01\.vscode\extensions\redhat.java-1.45.0-win32-x64\jre\21.0.8-win32-x86_64\bin\java.exe
0x00007ffa69940000 - 0x00007ffa69ba9000 	C:\WINDOWS\SYSTEM32\ntdll.dll
0x00007ffa35880000 - 0x00007ffa358a0000 	C:\Program Files\Avast Software\Avast\aswhook.dll
0x00007ffa692d0000 - 0x00007ffa69399000 	C:\WINDOWS\System32\KERNEL32.DLL
0x00007ffa66ea0000 - 0x00007ffa67293000 	C:\WINDOWS\System32\KERNELBASE.dll
0x00007ffa675c0000 - 0x00007ffa6770b000 	C:\WINDOWS\System32\ucrtbase.dll
0x00007ffa37a40000 - 0x00007ffa37a5e000 	c:\Users\HPLAPTOP01\.vscode\extensions\redhat.java-1.45.0-win32-x64\jre\21.0.8-win32-x86_64\bin\VCRUNTIME140.dll
0x00007ffa3d440000 - 0x00007ffa3d458000 	c:\Users\HPLAPTOP01\.vscode\extensions\redhat.java-1.45.0-win32-x64\jre\21.0.8-win32-x86_64\bin\jli.dll
0x00007ffa68d80000 - 0x00007ffa68f44000 	C:\WINDOWS\System32\USER32.dll
0x00007ffa4faf0000 - 0x00007ffa4fd83000 	C:\WINDOWS\WinSxS\amd64_microsoft.windows.common-controls_6595b64144ccf1df_6.0.26100.5074_none_3e0d6f78e32fd63f\COMCTL32.dll
0x00007ffa67590000 - 0x00007ffa675b7000 	C:\WINDOWS\System32\win32u.dll
0x00007ffa67dc0000 - 0x00007ffa67e69000 	C:\WINDOWS\System32\msvcrt.dll
0x00007ffa698d0000 - 0x00007ffa698fb000 	C:\WINDOWS\System32\GDI32.dll
0x00007ffa66d70000 - 0x00007ffa66e9d000 	C:\WINDOWS\System32\gdi32full.dll
0x00007ffa674e0000 - 0x00007ffa67583000 	C:\WINDOWS\System32\msvcp_win.dll
0x00007ffa68b90000 - 0x00007ffa68bbf000 	C:\WINDOWS\System32\IMM32.DLL
0x00007ffa52c50000 - 0x00007ffa52c5c000 	c:\Users\HPLAPTOP01\.vscode\extensions\redhat.java-1.45.0-win32-x64\jre\21.0.8-win32-x86_64\bin\vcruntime140_1.dll
0x00007ffa13740000 - 0x00007ffa137cd000 	c:\Users\HPLAPTOP01\.vscode\extensions\redhat.java-1.45.0-win32-x64\jre\21.0.8-win32-x86_64\bin\msvcp140.dll
0x00007ffa0f4f0000 - 0x00007ffa10287000 	c:\Users\HPLAPTOP01\.vscode\extensions\redhat.java-1.45.0-win32-x64\jre\21.0.8-win32-x86_64\bin\server\jvm.dll
0x00007ffa695b0000 - 0x00007ffa69664000 	C:\WINDOWS\System32\ADVAPI32.dll
0x00007ffa68390000 - 0x00007ffa68436000 	C:\WINDOWS\System32\sechost.dll
0x00007ffa69490000 - 0x00007ffa695a8000 	C:\WINDOWS\System32\RPCRT4.dll
0x00007ffa67710000 - 0x00007ffa67784000 	C:\WINDOWS\System32\WS2_32.dll
0x00007ffa66950000 - 0x00007ffa669ae000 	C:\WINDOWS\SYSTEM32\POWRPROF.dll
0x00007ffa60210000 - 0x00007ffa6021b000 	C:\WINDOWS\SYSTEM32\VERSION.dll
0x00007ffa5f770000 - 0x00007ffa5f7a5000 	C:\WINDOWS\SYSTEM32\WINMM.dll
0x00007ffa66930000 - 0x00007ffa66944000 	C:\WINDOWS\SYSTEM32\UMPDC.dll
0x00007ffa658b0000 - 0x00007ffa658cb000 	C:\WINDOWS\SYSTEM32\kernel.appcore.dll
0x00007ffa4fed0000 - 0x00007ffa4feda000 	c:\Users\HPLAPTOP01\.vscode\extensions\redhat.java-1.45.0-win32-x64\jre\21.0.8-win32-x86_64\bin\jimage.dll
0x00007ffa5b7f0000 - 0x00007ffa5ba32000 	C:\WINDOWS\SYSTEM32\DBGHELP.DLL
0x00007ffa68f50000 - 0x00007ffa692cb000 	C:\WINDOWS\System32\combase.dll
0x00007ffa67c20000 - 0x00007ffa67cf7000 	C:\WINDOWS\System32\OLEAUT32.dll
0x00007ffa59dd0000 - 0x00007ffa59e0d000 	C:\WINDOWS\SYSTEM32\dbgcore.DLL
0x00007ffa66b60000 - 0x00007ffa66bf9000 	C:\WINDOWS\System32\bcryptPrimitives.dll
0x00007ffa5f5f0000 - 0x00007ffa5f5ff000 	c:\Users\HPLAPTOP01\.vscode\extensions\redhat.java-1.45.0-win32-x64\jre\21.0.8-win32-x86_64\bin\instrument.dll
0x00007ffa36cc0000 - 0x00007ffa36cdf000 	c:\Users\HPLAPTOP01\.vscode\extensions\redhat.java-1.45.0-win32-x64\jre\21.0.8-win32-x86_64\bin\java.dll
0x00007ffa68440000 - 0x00007ffa68b8d000 	C:\WINDOWS\System32\SHELL32.dll
0x00007ffa66c00000 - 0x00007ffa66d6c000 	C:\WINDOWS\System32\wintypes.dll
0x00007ffa64720000 - 0x00007ffa64f79000 	C:\WINDOWS\SYSTEM32\windows.storage.dll
0x00007ffa68bf0000 - 0x00007ffa68ce0000 	C:\WINDOWS\System32\SHCORE.dll
0x00007ffa68010000 - 0x00007ffa68072000 	C:\WINDOWS\System32\shlwapi.dll
0x00007ffa669f0000 - 0x00007ffa66a19000 	C:\WINDOWS\SYSTEM32\profapi.dll
0x00007ffa358a0000 - 0x00007ffa358b8000 	c:\Users\HPLAPTOP01\.vscode\extensions\redhat.java-1.45.0-win32-x64\jre\21.0.8-win32-x86_64\bin\zip.dll
0x00007ffa4f4f0000 - 0x00007ffa4f500000 	C:\Users\HPLAPTOP01\.vscode\extensions\redhat.java-1.45.0-win32-x64\jre\21.0.8-win32-x86_64\bin\net.dll
0x00007ffa5f1c0000 - 0x00007ffa5f2df000 	C:\WINDOWS\SYSTEM32\WINHTTP.dll
0x00007ffa65e30000 - 0x00007ffa65e9b000 	C:\WINDOWS\system32\mswsock.dll
0x00007ffa338f0000 - 0x00007ffa33906000 	C:\Users\HPLAPTOP01\.vscode\extensions\redhat.java-1.45.0-win32-x64\jre\21.0.8-win32-x86_64\bin\nio.dll
0x00007ffa5f5e0000 - 0x00007ffa5f5f0000 	c:\Users\HPLAPTOP01\.vscode\extensions\redhat.java-1.45.0-win32-x64\jre\21.0.8-win32-x86_64\bin\verify.dll

JVMTI agents:
c:\Users\HPLAPTOP01\.vscode\extensions\redhat.java-1.45.0-win32-x64\lombok\lombok-1.18.39-4050.jar path:c:\Users\HPLAPTOP01\.vscode\extensions\redhat.java-1.45.0-win32-x64\jre\21.0.8-win32-x86_64\bin\instrument.dll, loaded, initialized, instrumentlib options:none

dbghelp: loaded successfully - version: 4.0.5 - missing functions: none
symbol engine: initialized successfully - sym options: 0x614 - pdb path: .;c:\Users\HPLAPTOP01\.vscode\extensions\redhat.java-1.45.0-win32-x64\jre\21.0.8-win32-x86_64\bin;C:\WINDOWS\SYSTEM32;C:\Program Files\Avast Software\Avast;C:\WINDOWS\WinSxS\amd64_microsoft.windows.common-controls_6595b64144ccf1df_6.0.26100.5074_none_3e0d6f78e32fd63f;c:\Users\HPLAPTOP01\.vscode\extensions\redhat.java-1.45.0-win32-x64\jre\21.0.8-win32-x86_64\bin\server

VM Arguments:
jvm_args: --add-modules=ALL-SYSTEM --add-opens=java.base/java.util=ALL-UNNAMED --add-opens=java.base/java.lang=ALL-UNNAMED --add-opens=java.base/sun.nio.fs=ALL-UNNAMED -Declipse.application=org.eclipse.jdt.ls.core.id1 -Dosgi.bundles.defaultStartLevel=4 -Declipse.product=org.eclipse.jdt.ls.core.product -Djava.import.generatesMetadataFilesAtProjectRoot=false -DDetectVMInstallationsJob.disabled=true -Dfile.encoding=utf8 -XX:+UseParallelGC -XX:GCTimeRatio=4 -XX:AdaptiveSizePolicyWeight=90 -Dsun.zip.disableMemoryMapping=true -Xmx2G -Xms100m -Xlog:disable -javaagent:c:\Users\HPLAPTOP01\.vscode\extensions\redhat.java-1.45.0-win32-x64\lombok\lombok-1.18.39-4050.jar 
java_command: c:\Users\HPLAPTOP01\.vscode\extensions\redhat.java-1.45.0-win32-x64\server\plugins\org.eclipse.equinox.launcher_1.7.0.v20250519-0528.jar -configuration c:\Users\HPLAPTOP01\AppData\Roaming\Code\User\globalStorage\redhat.java\1.45.0\config_ss_win -data c:\Users\HPLAPTOP01\AppData\Roaming\Code\User\workspaceStorage\d6b11892788511ac32a825abca1f98b8\redhat.java\ss_ws --pipe=\\.\pipe\lsp-eb84bfda6b9e6e33fe345834d8f21b3f-sock
java_class_path (initial): c:\Users\HPLAPTOP01\.vscode\extensions\redhat.java-1.45.0-win32-x64\server\plugins\org.eclipse.equinox.launcher_1.7.0.v20250519-0528.jar
Launcher Type: SUN_STANDARD

[Global flags]
    uintx AdaptiveSizePolicyWeight                 = 90                                        {product} {command line}
     intx CICompilerCount                          = 4                                         {product} {ergonomic}
    uintx GCTimeRatio                              = 4                                         {product} {command line}
   size_t InitialHeapSize                          = 104857600                                 {product} {command line}
   size_t MaxHeapSize                              = 2147483648                                {product} {command line}
   size_t MaxNewSize                               = 715653120                                 {product} {ergonomic}
   size_t MinHeapDeltaBytes                        = 524288                                    {product} {ergonomic}
   size_t MinHeapSize                              = 104857600                                 {product} {command line}
   size_t NewSize                                  = 34603008                                  {product} {ergonomic}
    uintx NonNMethodCodeHeapSize                   = 5839372                                {pd product} {ergonomic}
    uintx NonProfiledCodeHeapSize                  = 122909434                              {pd product} {ergonomic}
   size_t OldSize                                  = 70254592                                  {product} {ergonomic}
    uintx ProfiledCodeHeapSize                     = 122909434                              {pd product} {ergonomic}
    uintx ReservedCodeCacheSize                    = 251658240                              {pd product} {ergonomic}
     bool SegmentedCodeCache                       = true                                      {product} {ergonomic}
   size_t SoftMaxHeapSize                          = 2147483648                             {manageable} {ergonomic}
     bool UseCompressedOops                        = true                           {product lp64_product} {ergonomic}
     bool UseLargePagesIndividualAllocation        = false                                  {pd product} {ergonomic}
     bool UseParallelGC                            = true                                      {product} {command line}

Logging:
Log output configuration:
 #0: stdout all=off uptime,level,tags foldmultilines=false
 #1: stderr all=off uptime,level,tags foldmultilines=false

Environment Variables:
PATH=C:\Program Files\Common Files\Oracle\Java\javapath;C:\Program Files (x86)\Common Files\Oracle\Java\javapath;C:\oraclexe\app\oracle\product\11.2.0\server\bin;C:\Python310\Scripts\;C:\Python310\;C:\ProgramData\Oracle\Java\javapath;C:\WINDOWS\system32;C:\WINDOWS;C:\WINDOWS\System32\Wbem;C:\WINDOWS\System32\WindowsPowerShell\v1.0\;C:\WINDOWS\System32\OpenSSH\;C:\Program Files\dotnet\;C:\Program Files\Microsoft SQL Server\130\Tools\Binn\;C:\ProgramData\chocolatey\bin;C:\xampp\php;C:\Program Files\nodejs\;C:\composer;C:\php\;C:\xamp\mysql\bin;C:\Program Files\PostgreSQL\16\bin;C:\Program Files\Git\cmd;C:\Program Files (x86)\NVIDIA Corporation\PhysX\Common;C:\flutter\bin;C:\Users\HPLAPTOP01\AppData\Local\Programs\Python\Python313\Scripts\;C:\Users\HPLAPTOP01\AppData\Local\Programs\Python\Python313\;C:\Ruby30-x64\bin;C:\Users\HPLAPTOP01\AppData\Local\Microsoft\WindowsApps;C:\Users\HPLAPTOP01\AppData\Local\Programs\Microsoft VS Code\bin;C:\sqlite3;C:\Users\HPLAPTOP01\AppData\Roaming\npm;C:\Users\HPLAPTOP01\AppData\Roaming\Composer\vendor\bin;C:\xampp\mysql\bin;C:\Users\HPLAPTOP01\AppData\Local\GitHubDesktop\bin;C:\Users\HPLAPTOP01\Desktop\Js\flutter\bin;
USERNAME=HPLAPTOP01
OS=Windows_NT
PROCESSOR_IDENTIFIER=AMD64 Family 23 Model 24 Stepping 1, AuthenticAMD
TMP=C:\Users\HPLAPT~1\AppData\Local\Temp
TEMP=C:\Users\HPLAPT~1\AppData\Local\Temp




Periodic native trim disabled

---------------  S Y S T E M  ---------------

OS:
 Windows 11 , 64 bit Build 26100 (10.0.26100.5074)
OS uptime: 0 days 19:23 hours
Hyper-V role detected

CPU: total 8 (initial active 8) (8 cores per cpu, 2 threads per core) family 23 model 24 stepping 1 microcode 0x8108109, cx8, cmov, fxsr, ht, mmx, 3dnowpref, sse, sse2, sse3, ssse3, sse4a, sse4.1, sse4.2, popcnt, lzcnt, tsc, tscinvbit, avx, avx2, aes, clmul, bmi1, bmi2, adx, sha, fma, vzeroupper, clflush, clflushopt, hv, rdtscp, f16c
Processor Information for the first 8 processors :
  Max Mhz: 2300, Current Mhz: 2300, Mhz Limit: 2300

Memory: 4k page, system-wide physical 14269M (3048M free)
TotalPageFile size 15065M (AvailPageFile size 3M)
current process WorkingSet (physical memory assigned to process): 66M, peak: 66M
current process commit charge ("private bytes"): 234M, peak: 234M

vm_info: OpenJDK 64-Bit Server VM (21.0.8+9-LTS) for windows-amd64 JRE (21.0.8+9-LTS), built on 2025-07-15T00:00:00Z by "admin" with MS VC++ 17.7 (VS2022)

END.
